Connecting to database specified by database.yml
Connecting to database specified by database.yml
  [1m[36m (0.1ms)[0m  [1mselect sqlite_version(*)[0m
  [1m[35m (8.4ms)[0m  CREATE TABLE "schema_migrations" ("version" varchar(255) NOT NULL) 
  [1m[36m (4.8ms)[0m  [1mCREATE UNIQUE INDEX "unique_schema_migrations" ON "schema_migrations" ("version")[0m
  [1m[35m (1.5ms)[0m  SELECT "schema_migrations"."version" FROM "schema_migrations" 
Migrating to CreateProducts (20131208020155)
  [1m[36m (0.1ms)[0m  [1mbegin transaction[0m
  [1m[35m (0.6ms)[0m  CREATE TABLE "products" ("id" INTEGER PRIMARY KEY AUTOINCREMENT NOT NULL, "title" varchar(255), "description" text, "image_url" varchar(255), "price" decimal(8,2), "created_at" datetime NOT NULL, "updated_at" datetime NOT NULL) 
  [1m[36m (0.1ms)[0m  [1mINSERT INTO "schema_migrations" ("version") VALUES ('20131208020155')[0m
  [1m[35m (5.0ms)[0m  commit transaction
  [1m[36m (0.1ms)[0m  [1mSELECT "schema_migrations"."version" FROM "schema_migrations" [0m
Connecting to database specified by database.yml


Started GET "/products" for 127.0.0.1 at 2013-12-07 18:08:33 -0800
Processing by ProductsController#index as HTML
  [1m[36mProduct Load (0.1ms)[0m  [1mSELECT "products".* FROM "products" [0m
  Rendered products/index.html.erb within layouts/application (2.8ms)
Compiled products.css  (8ms)  (pid 24857)
Compiled scaffolds.css  (12ms)  (pid 24857)
Compiled application.css  (50ms)  (pid 24857)
Compiled jquery.js  (1ms)  (pid 24857)
Compiled jquery_ujs.js  (0ms)  (pid 24857)
Compiled products.js  (128ms)  (pid 24857)
Compiled application.js  (175ms)  (pid 24857)
Completed 200 OK in 388ms (Views: 315.2ms | ActiveRecord: 2.2ms)


Started GET "/assets/products.css?body=1" for 127.0.0.1 at 2013-12-07 18:08:33 -0800
Served asset /products.css - 200 OK (2ms)


Started GET "/assets/scaffolds.css?body=1" for 127.0.0.1 at 2013-12-07 18:08:33 -0800
Served asset /scaffolds.css - 200 OK (1ms)


Started GET "/assets/application.css?body=1" for 127.0.0.1 at 2013-12-07 18:08:33 -0800
Served asset /application.css - 304 Not Modified (5ms)


Started GET "/assets/application.js?body=1" for 127.0.0.1 at 2013-12-07 18:08:33 -0800
Served asset /application.js - 304 Not Modified (31ms)


Started GET "/assets/jquery.js?body=1" for 127.0.0.1 at 2013-12-07 18:08:33 -0800
Served asset /jquery.js - 304 Not Modified (6ms)


Started GET "/assets/products.js?body=1" for 127.0.0.1 at 2013-12-07 18:08:33 -0800
Served asset /products.js - 200 OK (2ms)


Started GET "/assets/jquery_ujs.js?body=1" for 127.0.0.1 at 2013-12-07 18:08:33 -0800
Served asset /jquery_ujs.js - 304 Not Modified (3ms)


Started GET "/products/new" for 127.0.0.1 at 2013-12-07 18:08:51 -0800
Processing by ProductsController#new as HTML
  Rendered products/_form.html.erb (50.1ms)
  Rendered products/new.html.erb within layouts/application (84.9ms)
Completed 200 OK in 112ms (Views: 99.1ms | ActiveRecord: 0.0ms)


Started GET "/assets/application.css?body=1" for 127.0.0.1 at 2013-12-07 18:08:51 -0800
Served asset /application.css - 304 Not Modified (0ms)


Started GET "/assets/jquery.js?body=1" for 127.0.0.1 at 2013-12-07 18:08:51 -0800
Served asset /jquery.js - 304 Not Modified (1ms)


Started GET "/assets/jquery_ujs.js?body=1" for 127.0.0.1 at 2013-12-07 18:08:51 -0800
Served asset /jquery_ujs.js - 304 Not Modified (0ms)


Started GET "/assets/application.js?body=1" for 127.0.0.1 at 2013-12-07 18:08:51 -0800
Served asset /application.js - 304 Not Modified (1ms)


Started GET "/products/new" for 127.0.0.1 at 2013-12-07 18:12:24 -0800
Processing by ProductsController#new as HTML
  Rendered products/_form.html.erb (7.5ms)
  Rendered products/new.html.erb within layouts/application (8.5ms)
Completed 200 OK in 22ms (Views: 21.4ms | ActiveRecord: 0.0ms)


Started GET "/assets/application.css?body=1" for 127.0.0.1 at 2013-12-07 18:12:24 -0800
Served asset /application.css - 304 Not Modified (2ms)


Started GET "/assets/jquery.js?body=1" for 127.0.0.1 at 2013-12-07 18:12:24 -0800
Served asset /jquery.js - 304 Not Modified (1ms)


Started GET "/assets/scaffolds.css?body=1" for 127.0.0.1 at 2013-12-07 18:12:24 -0800
Served asset /scaffolds.css - 304 Not Modified (0ms)


Started GET "/assets/products.css?body=1" for 127.0.0.1 at 2013-12-07 18:12:24 -0800
Served asset /products.css - 304 Not Modified (0ms)


Started GET "/assets/jquery_ujs.js?body=1" for 127.0.0.1 at 2013-12-07 18:12:24 -0800
Served asset /jquery_ujs.js - 304 Not Modified (0ms)


Started GET "/assets/products.js?body=1" for 127.0.0.1 at 2013-12-07 18:12:24 -0800
Served asset /products.js - 304 Not Modified (0ms)


Started GET "/assets/application.js?body=1" for 127.0.0.1 at 2013-12-07 18:12:24 -0800
Served asset /application.js - 304 Not Modified (1ms)


Started POST "/products" for 127.0.0.1 at 2013-12-07 18:16:01 -0800
Processing by ProductsController#create as HTML
  Parameters: {"utf8"=>"✓", "authenticity_token"=>"eFQQ74qNvcIvqKBx6SUqzyui0pZvQDeRL9BfvEtG+Pc=", "product"=>{"title"=>"CoffeeScript", "description"=>"<p> CoffeeScript is JavaScript done right.  It provides all of JavaScript's functionality wrapped in a cleaner, more succinct syntax.  In the first book on this exciting new language, CoffeeScript guru Trevor Burnham shows you how to hold onto all the power and flexibility of JavaScript while writing clearer, cleaner, and safer code. </p>", "image_url"=>"cs.jpg", "price"=>"36.00"}, "commit"=>"Create Product"}
  [1m[35m (0.1ms)[0m  begin transaction
  [1m[36mSQL (18.1ms)[0m  [1mINSERT INTO "products" ("created_at", "description", "image_url", "price", "title", "updated_at") VALUES (?, ?, ?, ?, ?, ?)[0m  [["created_at", Sun, 08 Dec 2013 02:16:01 UTC +00:00], ["description", "<p> CoffeeScript is JavaScript done right.  It provides all of JavaScript's functionality wrapped in a cleaner, more succinct syntax.  In the first book on this exciting new language, CoffeeScript guru Trevor Burnham shows you how to hold onto all the power and flexibility of JavaScript while writing clearer, cleaner, and safer code. </p>"], ["image_url", "cs.jpg"], ["price", #<BigDecimal:7f07d4335f58,'0.36E2',9(18)>], ["title", "CoffeeScript"], ["updated_at", Sun, 08 Dec 2013 02:16:01 UTC +00:00]]
  [1m[35m (7.7ms)[0m  commit transaction
Redirected to http://localhost:3000/products/1
Completed 302 Found in 33ms (ActiveRecord: 25.9ms)


Started GET "/products/1" for 127.0.0.1 at 2013-12-07 18:16:01 -0800
Processing by ProductsController#show as HTML
  Parameters: {"id"=>"1"}
  [1m[36mProduct Load (0.3ms)[0m  [1mSELECT "products".* FROM "products" WHERE "products"."id" = ? LIMIT 1[0m  [["id", "1"]]
  Rendered products/show.html.erb within layouts/application (1.5ms)
Completed 200 OK in 21ms (Views: 16.7ms | ActiveRecord: 0.3ms)


Started GET "/assets/application.css?body=1" for 127.0.0.1 at 2013-12-07 18:16:01 -0800
Served asset /application.css - 304 Not Modified (0ms)


Started GET "/assets/jquery_ujs.js?body=1" for 127.0.0.1 at 2013-12-07 18:16:01 -0800
Served asset /jquery_ujs.js - 304 Not Modified (0ms)


Started GET "/assets/scaffolds.css?body=1" for 127.0.0.1 at 2013-12-07 18:16:01 -0800
Served asset /scaffolds.css - 304 Not Modified (0ms)


Started GET "/assets/jquery.js?body=1" for 127.0.0.1 at 2013-12-07 18:16:01 -0800
Served asset /jquery.js - 304 Not Modified (1ms)


Started GET "/assets/products.js?body=1" for 127.0.0.1 at 2013-12-07 18:16:01 -0800
Served asset /products.js - 304 Not Modified (0ms)


Started GET "/assets/products.css?body=1" for 127.0.0.1 at 2013-12-07 18:16:01 -0800
Served asset /products.css - 304 Not Modified (0ms)


Started GET "/assets/application.js?body=1" for 127.0.0.1 at 2013-12-07 18:16:01 -0800
Served asset /application.js - 304 Not Modified (2ms)
Connecting to database specified by database.yml
  [1m[36m (1.0ms)[0m  [1mSELECT "schema_migrations"."version" FROM "schema_migrations" [0m
  [1m[35m (0.3ms)[0m  select sqlite_version(*)
  [1m[36m (6.7ms)[0m  [1mCREATE TABLE "products" ("id" INTEGER PRIMARY KEY AUTOINCREMENT NOT NULL, "title" varchar(255), "description" text, "image_url" varchar(255), "price" decimal(8,2), "created_at" datetime NOT NULL, "updated_at" datetime NOT NULL) [0m
  [1m[35m (4.1ms)[0m  CREATE TABLE "schema_migrations" ("version" varchar(255) NOT NULL) 
  [1m[36m (4.0ms)[0m  [1mCREATE UNIQUE INDEX "unique_schema_migrations" ON "schema_migrations" ("version")[0m
  [1m[35m (0.1ms)[0m  SELECT version FROM "schema_migrations"
  [1m[36m (3.8ms)[0m  [1mINSERT INTO "schema_migrations" (version) VALUES ('20131208020155')[0m
Connecting to database specified by database.yml
Connecting to database specified by database.yml
  [1m[36m (0.9ms)[0m  [1mSELECT "schema_migrations"."version" FROM "schema_migrations" [0m
  [1m[35mSQL (7.0ms)[0m  DELETE FROM "products"
  [1m[36m (0.1ms)[0m  [1mbegin transaction[0m
  [1m[35mSQL (5.0ms)[0m  INSERT INTO "products" ("created_at", "description", "image_url", "price", "title", "updated_at") VALUES (?, ?, ?, ?, ?, ?)  [["created_at", Sun, 08 Dec 2013 02:28:04 UTC +00:00], ["description", "<p>\n        CoffeeScript is JavaScript done right. It provides all of JavaScript's\n\tfunctionality wrapped in a cleaner, more succinct syntax. In the first\n\tbook on this exciting new language, CoffeeScript guru Trevor Burnham\n\tshows you how to hold onto all the power and flexibility of JavaScript\n\twhile writing clearer, cleaner, and safer code.\n      </p>"], ["image_url", "cs.jpg"], ["price", #<BigDecimal:3401a20,'0.36E2',9(45)>], ["title", "CoffeeScript"], ["updated_at", Sun, 08 Dec 2013 02:28:04 UTC +00:00]]
  [1m[36m (5.0ms)[0m  [1mcommit transaction[0m
  [1m[35m (0.1ms)[0m  begin transaction
  [1m[36mSQL (0.4ms)[0m  [1mINSERT INTO "products" ("created_at", "description", "image_url", "price", "title", "updated_at") VALUES (?, ?, ?, ?, ?, ?)[0m  [["created_at", Sun, 08 Dec 2013 02:28:04 UTC +00:00], ["description", "<p>\n        Ruby is the fastest growing and most exciting dynamic language\n        out there. If you need to get working programs delivered fast,\n        you should add Ruby to your toolbox.\n      </p>"], ["image_url", "ruby.jpg"], ["price", #<BigDecimal:1e0f5c8,'0.4995E2',18(45)>], ["title", "Programming Ruby 1.9"], ["updated_at", Sun, 08 Dec 2013 02:28:04 UTC +00:00]]
  [1m[35m (4.8ms)[0m  commit transaction
  [1m[36m (0.1ms)[0m  [1mbegin transaction[0m
  [1m[35mSQL (0.4ms)[0m  INSERT INTO "products" ("created_at", "description", "image_url", "price", "title", "updated_at") VALUES (?, ?, ?, ?, ?, ?)  [["created_at", Sun, 08 Dec 2013 02:28:04 UTC +00:00], ["description", "<p>\n        <em>Rails Test Prescriptions</em> is a comprehensive guide to testing\n        Rails applications, covering Test-Driven Development from both a\n        theoretical perspective (why to test) and from a practical perspective\n        (how to test effectively). It covers the core Rails testing tools and\n        procedures for Rails 2 and Rails 3, and introduces popular add-ons,\n        including Cucumber, Shoulda, Machinist, Mocha, and Rcov.\n      </p>"], ["image_url", "rtp.jpg"], ["price", #<BigDecimal:2d26020,'0.3495E2',18(45)>], ["title", "Rails Test Prescriptions"], ["updated_at", Sun, 08 Dec 2013 02:28:04 UTC +00:00]]
  [1m[36m (5.0ms)[0m  [1mcommit transaction[0m


Started GET "/products/" for 127.0.0.1 at 2013-12-07 18:52:21 -0800
Processing by ProductsController#index as HTML
  [1m[36mProduct Load (0.2ms)[0m  [1mSELECT "products".* FROM "products" [0m
  Rendered products/index.html.erb within layouts/application (423.7ms)
Compiled products.css  (18ms)  (pid 24983)
Compiled application.css  (1ms)  (pid 24983)
Completed 200 OK in 554ms (Views: 507.1ms | ActiveRecord: 2.2ms)


Started GET "/assets/application.css?body=1" for 127.0.0.1 at 2013-12-07 18:52:22 -0800
Served asset /application.css - 304 Not Modified (35ms)


Started GET "/assets/scaffolds.css?body=1" for 127.0.0.1 at 2013-12-07 18:52:22 -0800
Served asset /scaffolds.css - 304 Not Modified (1ms)


Started GET "/assets/products.css?body=1" for 127.0.0.1 at 2013-12-07 18:52:22 -0800
Served asset /products.css - 200 OK (6ms)


Started GET "/assets/jquery.js?body=1" for 127.0.0.1 at 2013-12-07 18:52:22 -0800
Served asset /jquery.js - 304 Not Modified (5ms)


Started GET "/assets/products.js?body=1" for 127.0.0.1 at 2013-12-07 18:52:22 -0800
Served asset /products.js - 304 Not Modified (2ms)


Started GET "/assets/jquery_ujs.js?body=1" for 127.0.0.1 at 2013-12-07 18:52:22 -0800
Served asset /jquery_ujs.js - 304 Not Modified (2ms)


Started GET "/assets/application.js?body=1" for 127.0.0.1 at 2013-12-07 18:52:22 -0800
Served asset /application.js - 304 Not Modified (9ms)


Started GET "/assets/cs.jpg" for 127.0.0.1 at 2013-12-07 18:52:22 -0800
Served asset /cs.jpg - 200 OK (6ms)


Started GET "/assets/rtp.jpg" for 127.0.0.1 at 2013-12-07 18:52:22 -0800
Served asset /rtp.jpg - 200 OK (12ms)


Started GET "/assets/ruby.jpg" for 127.0.0.1 at 2013-12-07 18:52:22 -0800
Served asset /ruby.jpg - 200 OK (5ms)


Started GET "/products/" for 127.0.0.1 at 2013-12-07 18:55:19 -0800
Processing by ProductsController#index as HTML
  [1m[35mProduct Load (0.3ms)[0m  SELECT "products".* FROM "products" 
  Rendered products/index.html.erb within layouts/application (4.5ms)
Completed 200 OK in 47ms (Views: 40.6ms | ActiveRecord: 0.3ms)


Started GET "/assets/application.css?body=1" for 127.0.0.1 at 2013-12-07 18:55:20 -0800
Served asset /application.css - 304 Not Modified (4ms)


Started GET "/assets/scaffolds.css?body=1" for 127.0.0.1 at 2013-12-07 18:55:20 -0800
Served asset /scaffolds.css - 304 Not Modified (3ms)


Started GET "/assets/jquery.js?body=1" for 127.0.0.1 at 2013-12-07 18:55:20 -0800
Served asset /jquery.js - 304 Not Modified (0ms)


Started GET "/assets/products.css?body=1" for 127.0.0.1 at 2013-12-07 18:55:20 -0800
Served asset /products.css - 304 Not Modified (0ms)


Started GET "/assets/jquery_ujs.js?body=1" for 127.0.0.1 at 2013-12-07 18:55:20 -0800
Served asset /jquery_ujs.js - 304 Not Modified (0ms)


Started GET "/assets/products.js?body=1" for 127.0.0.1 at 2013-12-07 18:55:20 -0800
Served asset /products.js - 304 Not Modified (0ms)


Started GET "/assets/application.js?body=1" for 127.0.0.1 at 2013-12-07 18:55:20 -0800
Served asset /application.js - 304 Not Modified (1ms)


Started GET "/assets/cs.jpg" for 127.0.0.1 at 2013-12-07 18:55:20 -0800
Served asset /cs.jpg - 304 Not Modified (0ms)


Started GET "/assets/rtp.jpg" for 127.0.0.1 at 2013-12-07 18:55:20 -0800
Served asset /rtp.jpg - 304 Not Modified (0ms)


Started GET "/assets/ruby.jpg" for 127.0.0.1 at 2013-12-07 18:55:20 -0800
Served asset /ruby.jpg - 304 Not Modified (0ms)


Started GET "/products/" for 127.0.0.1 at 2013-12-07 19:01:59 -0800
Processing by ProductsController#index as HTML
  [1m[36mProduct Load (0.2ms)[0m  [1mSELECT "products".* FROM "products" [0m
  Rendered products/index.html.erb within layouts/application (4.3ms)
Compiled products.css  (10ms)  (pid 24983)
Compiled application.css  (1ms)  (pid 24983)
Completed 200 OK in 43ms (Views: 41.2ms | ActiveRecord: 0.2ms)


Started GET "/assets/application.css?body=1" for 127.0.0.1 at 2013-12-07 19:01:59 -0800
Served asset /application.css - 304 Not Modified (6ms)


Started GET "/assets/products.js?body=1" for 127.0.0.1 at 2013-12-07 19:01:59 -0800
Served asset /products.js - 304 Not Modified (0ms)


Started GET "/assets/jquery.js?body=1" for 127.0.0.1 at 2013-12-07 19:01:59 -0800
Served asset /jquery.js - 304 Not Modified (0ms)


Started GET "/assets/jquery_ujs.js?body=1" for 127.0.0.1 at 2013-12-07 19:01:59 -0800
Served asset /jquery_ujs.js - 304 Not Modified (0ms)


Started GET "/assets/products.css?body=1" for 127.0.0.1 at 2013-12-07 19:01:59 -0800
Served asset /products.css - 200 OK (2ms)


Started GET "/assets/scaffolds.css?body=1" for 127.0.0.1 at 2013-12-07 19:01:59 -0800
Served asset /scaffolds.css - 304 Not Modified (0ms)


Started GET "/assets/application.js?body=1" for 127.0.0.1 at 2013-12-07 19:01:59 -0800
Served asset /application.js - 304 Not Modified (1ms)


Started GET "/assets/cs.jpg" for 127.0.0.1 at 2013-12-07 19:01:59 -0800
Served asset /cs.jpg - 304 Not Modified (0ms)


Started GET "/assets/rtp.jpg" for 127.0.0.1 at 2013-12-07 19:01:59 -0800
Served asset /rtp.jpg - 304 Not Modified (0ms)


Started GET "/assets/ruby.jpg" for 127.0.0.1 at 2013-12-07 19:01:59 -0800
Served asset /ruby.jpg - 304 Not Modified (0ms)


Started GET "/products/" for 127.0.0.1 at 2013-12-07 19:05:52 -0800
Processing by ProductsController#index as HTML
  [1m[35mProduct Load (0.5ms)[0m  SELECT "products".* FROM "products" 
  Rendered products/index.html.erb within layouts/application (4.9ms)
Completed 200 OK in 23ms (Views: 19.7ms | ActiveRecord: 0.5ms)


Started GET "/assets/application.css?body=1" for 127.0.0.1 at 2013-12-07 19:05:52 -0800
Served asset /application.css - 304 Not Modified (9ms)


Started GET "/assets/products.css?body=1" for 127.0.0.1 at 2013-12-07 19:05:52 -0800
Served asset /products.css - 304 Not Modified (0ms)


Started GET "/assets/scaffolds.css?body=1" for 127.0.0.1 at 2013-12-07 19:05:52 -0800
Served asset /scaffolds.css - 304 Not Modified (0ms)


Started GET "/assets/products.js?body=1" for 127.0.0.1 at 2013-12-07 19:05:52 -0800
Served asset /products.js - 304 Not Modified (0ms)


Started GET "/assets/jquery.js?body=1" for 127.0.0.1 at 2013-12-07 19:05:52 -0800
Served asset /jquery.js - 304 Not Modified (0ms)


Started GET "/assets/jquery_ujs.js?body=1" for 127.0.0.1 at 2013-12-07 19:05:52 -0800
Served asset /jquery_ujs.js - 304 Not Modified (0ms)


Started GET "/assets/application.js?body=1" for 127.0.0.1 at 2013-12-07 19:05:52 -0800
Served asset /application.js - 304 Not Modified (2ms)


Started GET "/assets/ruby.jpg" for 127.0.0.1 at 2013-12-07 19:05:52 -0800
Served asset /ruby.jpg - 304 Not Modified (0ms)


Started GET "/assets/rtp.jpg" for 127.0.0.1 at 2013-12-07 19:05:52 -0800
Served asset /rtp.jpg - 304 Not Modified (0ms)


Started GET "/assets/cs.jpg" for 127.0.0.1 at 2013-12-07 19:05:52 -0800
Served asset /cs.jpg - 304 Not Modified (0ms)


Started GET "/products/" for 127.0.0.1 at 2013-12-07 19:10:34 -0800
Processing by ProductsController#index as HTML
  [1m[36mProduct Load (0.2ms)[0m  [1mSELECT "products".* FROM "products" [0m
  Rendered products/index.html.erb within layouts/application (4.6ms)
Compiled products.css  (8ms)  (pid 24983)
Compiled application.css  (0ms)  (pid 24983)
Completed 200 OK in 38ms (Views: 35.9ms | ActiveRecord: 0.2ms)


Started GET "/assets/application.css?body=1" for 127.0.0.1 at 2013-12-07 19:10:34 -0800
Served asset /application.css - 304 Not Modified (19ms)


Started GET "/assets/products.css?body=1" for 127.0.0.1 at 2013-12-07 19:10:34 -0800
Served asset /products.css - 304 Not Modified (2ms)


Started GET "/assets/scaffolds.css?body=1" for 127.0.0.1 at 2013-12-07 19:10:34 -0800
Served asset /scaffolds.css - 304 Not Modified (0ms)


Started GET "/assets/jquery.js?body=1" for 127.0.0.1 at 2013-12-07 19:10:34 -0800
Served asset /jquery.js - 304 Not Modified (2ms)


Started GET "/assets/application.js?body=1" for 127.0.0.1 at 2013-12-07 19:10:34 -0800
Served asset /application.js - 304 Not Modified (1ms)


Started GET "/assets/jquery_ujs.js?body=1" for 127.0.0.1 at 2013-12-07 19:10:34 -0800
Served asset /jquery_ujs.js - 304 Not Modified (0ms)


Started GET "/assets/products.js?body=1" for 127.0.0.1 at 2013-12-07 19:10:34 -0800
Served asset /products.js - 304 Not Modified (4ms)


Started GET "/assets/cs.jpg" for 127.0.0.1 at 2013-12-07 19:10:35 -0800
Served asset /cs.jpg - 304 Not Modified (0ms)


Started GET "/assets/ruby.jpg" for 127.0.0.1 at 2013-12-07 19:10:35 -0800
Served asset /ruby.jpg - 304 Not Modified (0ms)


Started GET "/assets/rtp.jpg" for 127.0.0.1 at 2013-12-07 19:10:35 -0800
Served asset /rtp.jpg - 304 Not Modified (0ms)


Started GET "/products/" for 127.0.0.1 at 2013-12-07 19:10:44 -0800
Processing by ProductsController#index as HTML
  [1m[35mProduct Load (0.2ms)[0m  SELECT "products".* FROM "products" 
  Rendered products/index.html.erb within layouts/application (3.6ms)
Completed 200 OK in 18ms (Views: 16.3ms | ActiveRecord: 0.2ms)


Started GET "/assets/application.css?body=1" for 127.0.0.1 at 2013-12-07 19:10:44 -0800
Served asset /application.css - 304 Not Modified (1ms)


Started GET "/assets/scaffolds.css?body=1" for 127.0.0.1 at 2013-12-07 19:10:44 -0800
Served asset /scaffolds.css - 304 Not Modified (0ms)


Started GET "/assets/products.css?body=1" for 127.0.0.1 at 2013-12-07 19:10:44 -0800
Served asset /products.css - 304 Not Modified (0ms)


Started GET "/assets/jquery_ujs.js?body=1" for 127.0.0.1 at 2013-12-07 19:10:44 -0800
Served asset /jquery_ujs.js - 304 Not Modified (0ms)


Started GET "/assets/jquery.js?body=1" for 127.0.0.1 at 2013-12-07 19:10:44 -0800
Served asset /jquery.js - 304 Not Modified (0ms)


Started GET "/assets/products.js?body=1" for 127.0.0.1 at 2013-12-07 19:10:44 -0800
Served asset /products.js - 304 Not Modified (0ms)


Started GET "/assets/application.js?body=1" for 127.0.0.1 at 2013-12-07 19:10:44 -0800
Served asset /application.js - 304 Not Modified (3ms)


Started GET "/assets/ruby.jpg" for 127.0.0.1 at 2013-12-07 19:10:44 -0800
Served asset /ruby.jpg - 304 Not Modified (0ms)


Started GET "/assets/cs.jpg" for 127.0.0.1 at 2013-12-07 19:10:44 -0800
Served asset /cs.jpg - 304 Not Modified (0ms)


Started GET "/assets/rtp.jpg" for 127.0.0.1 at 2013-12-07 19:10:44 -0800
Served asset /rtp.jpg - 304 Not Modified (0ms)


Started GET "/products/" for 127.0.0.1 at 2013-12-07 19:13:34 -0800
Processing by ProductsController#index as HTML
  [1m[36mProduct Load (0.2ms)[0m  [1mSELECT "products".* FROM "products" [0m
  Rendered products/index.html.erb within layouts/application (4.2ms)
Compiled products.css  (13ms)  (pid 24983)
Compiled application.css  (2ms)  (pid 24983)
Completed 200 OK in 91ms (Views: 88.8ms | ActiveRecord: 0.2ms)


Started GET "/assets/application.css?body=1" for 127.0.0.1 at 2013-12-07 19:13:34 -0800
Served asset /application.css - 304 Not Modified (28ms)


Started GET "/assets/scaffolds.css?body=1" for 127.0.0.1 at 2013-12-07 19:13:34 -0800
Served asset /scaffolds.css - 304 Not Modified (0ms)


Started GET "/assets/products.css?body=1" for 127.0.0.1 at 2013-12-07 19:13:34 -0800
Served asset /products.css - 200 OK (9ms)


Started GET "/assets/jquery_ujs.js?body=1" for 127.0.0.1 at 2013-12-07 19:13:34 -0800
Served asset /jquery_ujs.js - 304 Not Modified (0ms)


Started GET "/assets/jquery.js?body=1" for 127.0.0.1 at 2013-12-07 19:13:34 -0800
Served asset /jquery.js - 304 Not Modified (8ms)


Started GET "/assets/products.js?body=1" for 127.0.0.1 at 2013-12-07 19:13:34 -0800
Served asset /products.js - 304 Not Modified (0ms)


Started GET "/assets/application.js?body=1" for 127.0.0.1 at 2013-12-07 19:13:34 -0800
Served asset /application.js - 304 Not Modified (1ms)


Started GET "/assets/cs.jpg" for 127.0.0.1 at 2013-12-07 19:13:34 -0800
Served asset /cs.jpg - 304 Not Modified (0ms)


Started GET "/assets/ruby.jpg" for 127.0.0.1 at 2013-12-07 19:13:34 -0800
Served asset /ruby.jpg - 304 Not Modified (0ms)


Started GET "/assets/rtp.jpg" for 127.0.0.1 at 2013-12-07 19:13:34 -0800
Served asset /rtp.jpg - 304 Not Modified (0ms)


Started GET "/products/" for 127.0.0.1 at 2013-12-07 19:15:52 -0800
Processing by ProductsController#index as HTML
  [1m[35mProduct Load (0.2ms)[0m  SELECT "products".* FROM "products" 
  Rendered products/index.html.erb within layouts/application (3.7ms)
Completed 200 OK in 24ms (Views: 21.1ms | ActiveRecord: 0.2ms)


Started GET "/assets/application.css?body=1" for 127.0.0.1 at 2013-12-07 19:15:53 -0800
Served asset /application.css - 304 Not Modified (6ms)


Started GET "/assets/products.css?body=1" for 127.0.0.1 at 2013-12-07 19:15:53 -0800
Served asset /products.css - 304 Not Modified (0ms)


Started GET "/assets/jquery.js?body=1" for 127.0.0.1 at 2013-12-07 19:15:53 -0800
Served asset /jquery.js - 304 Not Modified (1ms)


Started GET "/assets/scaffolds.css?body=1" for 127.0.0.1 at 2013-12-07 19:15:53 -0800
Served asset /scaffolds.css - 304 Not Modified (0ms)


Started GET "/assets/jquery_ujs.js?body=1" for 127.0.0.1 at 2013-12-07 19:15:53 -0800
Served asset /jquery_ujs.js - 304 Not Modified (0ms)


Started GET "/assets/products.js?body=1" for 127.0.0.1 at 2013-12-07 19:15:53 -0800
Served asset /products.js - 304 Not Modified (0ms)


Started GET "/assets/application.js?body=1" for 127.0.0.1 at 2013-12-07 19:15:53 -0800
Served asset /application.js - 304 Not Modified (1ms)


Started GET "/assets/cs.jpg" for 127.0.0.1 at 2013-12-07 19:15:53 -0800
Served asset /cs.jpg - 304 Not Modified (0ms)


Started GET "/assets/rtp.jpg" for 127.0.0.1 at 2013-12-07 19:15:53 -0800
Served asset /rtp.jpg - 304 Not Modified (0ms)


Started GET "/assets/ruby.jpg" for 127.0.0.1 at 2013-12-07 19:15:53 -0800
Served asset /ruby.jpg - 304 Not Modified (0ms)


Started GET "/products/" for 127.0.0.1 at 2013-12-07 19:16:27 -0800
Processing by ProductsController#index as HTML
  [1m[36mProduct Load (0.2ms)[0m  [1mSELECT "products".* FROM "products" [0m
  Rendered products/index.html.erb within layouts/application (3.5ms)
Compiled products.css  (10ms)  (pid 24983)
Compiled application.css  (3ms)  (pid 24983)
Completed 200 OK in 48ms (Views: 45.8ms | ActiveRecord: 0.2ms)


Started GET "/assets/application.css?body=1" for 127.0.0.1 at 2013-12-07 19:16:27 -0800
Served asset /application.css - 304 Not Modified (6ms)


Started GET "/assets/products.css?body=1" for 127.0.0.1 at 2013-12-07 19:16:27 -0800
Served asset /products.css - 200 OK (3ms)


Started GET "/assets/jquery_ujs.js?body=1" for 127.0.0.1 at 2013-12-07 19:16:27 -0800
Served asset /jquery_ujs.js - 304 Not Modified (0ms)


Started GET "/assets/products.js?body=1" for 127.0.0.1 at 2013-12-07 19:16:27 -0800
Served asset /products.js - 304 Not Modified (0ms)


Started GET "/assets/jquery.js?body=1" for 127.0.0.1 at 2013-12-07 19:16:27 -0800
Served asset /jquery.js - 304 Not Modified (1ms)


Started GET "/assets/scaffolds.css?body=1" for 127.0.0.1 at 2013-12-07 19:16:27 -0800
Served asset /scaffolds.css - 304 Not Modified (0ms)


Started GET "/assets/application.js?body=1" for 127.0.0.1 at 2013-12-07 19:16:27 -0800
Served asset /application.js - 304 Not Modified (1ms)


Started GET "/assets/cs.jpg" for 127.0.0.1 at 2013-12-07 19:16:27 -0800
Served asset /cs.jpg - 304 Not Modified (0ms)


Started GET "/assets/ruby.jpg" for 127.0.0.1 at 2013-12-07 19:16:27 -0800
Served asset /ruby.jpg - 304 Not Modified (0ms)


Started GET "/assets/rtp.jpg" for 127.0.0.1 at 2013-12-07 19:16:27 -0800
Served asset /rtp.jpg - 304 Not Modified (0ms)


Started GET "/products/" for 127.0.0.1 at 2013-12-07 20:02:33 -0800
Processing by ProductsController#index as HTML
  [1m[35mProduct Load (0.2ms)[0m  SELECT "products".* FROM "products" 
  Rendered products/index.html.erb within layouts/application (3.4ms)
Completed 200 OK in 19ms (Views: 16.5ms | ActiveRecord: 0.2ms)


Started GET "/assets/application.css?body=1" for 127.0.0.1 at 2013-12-07 20:02:33 -0800
Served asset /application.css - 304 Not Modified (1ms)


Started GET "/assets/jquery.js?body=1" for 127.0.0.1 at 2013-12-07 20:02:33 -0800
Served asset /jquery.js - 304 Not Modified (6ms)


Started GET "/assets/jquery_ujs.js?body=1" for 127.0.0.1 at 2013-12-07 20:02:33 -0800
Served asset /jquery_ujs.js - 304 Not Modified (0ms)


Started GET "/assets/products.css?body=1" for 127.0.0.1 at 2013-12-07 20:02:33 -0800
Served asset /products.css - 304 Not Modified (0ms)


Started GET "/assets/scaffolds.css?body=1" for 127.0.0.1 at 2013-12-07 20:02:33 -0800
Served asset /scaffolds.css - 304 Not Modified (0ms)


Started GET "/assets/products.js?body=1" for 127.0.0.1 at 2013-12-07 20:02:33 -0800
Served asset /products.js - 304 Not Modified (0ms)


Started GET "/assets/application.js?body=1" for 127.0.0.1 at 2013-12-07 20:02:33 -0800
Served asset /application.js - 304 Not Modified (3ms)


Started GET "/assets/cs.jpg" for 127.0.0.1 at 2013-12-07 20:02:34 -0800
Served asset /cs.jpg - 304 Not Modified (0ms)


Started GET "/assets/rtp.jpg" for 127.0.0.1 at 2013-12-07 20:02:34 -0800
Served asset /rtp.jpg - 304 Not Modified (0ms)


Started GET "/assets/ruby.jpg" for 127.0.0.1 at 2013-12-07 20:02:34 -0800
Served asset /ruby.jpg - 304 Not Modified (0ms)


Started GET "/products/" for 127.0.0.1 at 2013-12-07 20:03:50 -0800
Processing by ProductsController#index as HTML
  [1m[36mProduct Load (0.3ms)[0m  [1mSELECT "products".* FROM "products" [0m
  Rendered products/index.html.erb within layouts/application (3.6ms)
Completed 200 OK in 21ms (Views: 18.6ms | ActiveRecord: 0.3ms)


Started GET "/assets/products.css?body=1" for 127.0.0.1 at 2013-12-07 20:03:50 -0800
Served asset /products.css - 304 Not Modified (6ms)


Started GET "/assets/jquery.js?body=1" for 127.0.0.1 at 2013-12-07 20:03:50 -0800
Served asset /jquery.js - 304 Not Modified (1ms)


Started GET "/assets/application.css?body=1" for 127.0.0.1 at 2013-12-07 20:03:50 -0800
Served asset /application.css - 304 Not Modified (1ms)


Started GET "/assets/scaffolds.css?body=1" for 127.0.0.1 at 2013-12-07 20:03:50 -0800
Served asset /scaffolds.css - 304 Not Modified (0ms)


Started GET "/assets/jquery_ujs.js?body=1" for 127.0.0.1 at 2013-12-07 20:03:50 -0800
Served asset /jquery_ujs.js - 304 Not Modified (0ms)


Started GET "/assets/products.js?body=1" for 127.0.0.1 at 2013-12-07 20:03:50 -0800
Served asset /products.js - 304 Not Modified (0ms)


Started GET "/assets/application.js?body=1" for 127.0.0.1 at 2013-12-07 20:03:50 -0800
Served asset /application.js - 304 Not Modified (2ms)


Started GET "/assets/cs.jpg" for 127.0.0.1 at 2013-12-07 20:03:50 -0800
Served asset /cs.jpg - 304 Not Modified (0ms)


Started GET "/assets/rtp.jpg" for 127.0.0.1 at 2013-12-07 20:03:50 -0800
Served asset /rtp.jpg - 304 Not Modified (0ms)


Started GET "/assets/ruby.jpg" for 127.0.0.1 at 2013-12-07 20:03:50 -0800
Served asset /ruby.jpg - 304 Not Modified (0ms)
Connecting to database specified by database.yml


Started GET "/products/" for 127.0.0.1 at 2013-12-07 20:24:58 -0800
Processing by ProductsController#index as HTML
  [1m[36mProduct Load (0.1ms)[0m  [1mSELECT "products".* FROM "products" [0m
  Rendered products/index.html.erb within layouts/application (78.9ms)
Completed 200 OK in 184ms (Views: 112.7ms | ActiveRecord: 3.1ms)


Started GET "/assets/application.css?body=1" for 127.0.0.1 at 2013-12-07 20:24:58 -0800
Served asset /application.css - 304 Not Modified (30ms)


Started GET "/assets/jquery_ujs.js?body=1" for 127.0.0.1 at 2013-12-07 20:24:58 -0800
Served asset /jquery_ujs.js - 304 Not Modified (5ms)


Started GET "/assets/products.css?body=1" for 127.0.0.1 at 2013-12-07 20:24:58 -0800
Served asset /products.css - 304 Not Modified (1ms)


Started GET "/assets/jquery.js?body=1" for 127.0.0.1 at 2013-12-07 20:24:58 -0800
Served asset /jquery.js - 304 Not Modified (30ms)


Started GET "/assets/scaffolds.css?body=1" for 127.0.0.1 at 2013-12-07 20:24:58 -0800
Served asset /scaffolds.css - 304 Not Modified (3ms)


Started GET "/assets/products.js?body=1" for 127.0.0.1 at 2013-12-07 20:24:58 -0800
Served asset /products.js - 304 Not Modified (2ms)


Started GET "/assets/application.js?body=1" for 127.0.0.1 at 2013-12-07 20:24:58 -0800
Served asset /application.js - 304 Not Modified (11ms)


Started GET "/assets/cs.jpg" for 127.0.0.1 at 2013-12-07 20:24:58 -0800
Served asset /cs.jpg - 304 Not Modified (1ms)


Started GET "/assets/ruby.jpg" for 127.0.0.1 at 2013-12-07 20:24:58 -0800
Served asset /ruby.jpg - 304 Not Modified (4ms)


Started GET "/assets/rtp.jpg" for 127.0.0.1 at 2013-12-07 20:24:58 -0800
Served asset /rtp.jpg - 304 Not Modified (2ms)


Started GET "/products/new" for 127.0.0.1 at 2013-12-07 20:25:04 -0800
Processing by ProductsController#new as HTML
  Rendered products/_form.html.erb (27.3ms)
  Rendered products/new.html.erb within layouts/application (33.5ms)
Completed 500 Internal Server Error in 35ms

ActionView::Template::Error (undefined local variable or method `rows' for #<#<Class:0x007fa8ec280298>:0x007fa8ec181338>):
    17:   </div>
    18:   <div class="field">
    19:     <%= f.label :description %><br />
    20:     <%= f.text_area :description, rows %>
    21:   </div>
    22:   <div class="field">
    23:     <%= f.label :image_url %><br />
  app/views/products/_form.html.erb:20:in `block in _app_views_products__form_html_erb__4262239710499948214_70181748341740'
  app/views/products/_form.html.erb:1:in `_app_views_products__form_html_erb__4262239710499948214_70181748341740'
  app/views/products/new.html.erb:3:in `_app_views_products_new_html_erb__3636294579774500294_70181746114680'
  app/controllers/products_controller.rb:29:in `new'


  Rendered /home/hvo/.rvm/gems/ruby-1.9.3-p392/gems/actionpack-3.2.13/lib/action_dispatch/middleware/templates/rescues/_trace.erb (1.2ms)
  Rendered /home/hvo/.rvm/gems/ruby-1.9.3-p392/gems/actionpack-3.2.13/lib/action_dispatch/middleware/templates/rescues/_request_and_response.erb (0.9ms)
  Rendered /home/hvo/.rvm/gems/ruby-1.9.3-p392/gems/actionpack-3.2.13/lib/action_dispatch/middleware/templates/rescues/template_error.erb within rescues/layout (7.8ms)


Started GET "/products/new" for 127.0.0.1 at 2013-12-07 20:26:28 -0800
Processing by ProductsController#new as HTML
ERROR: compiling _app_views_products__form_html_erb__4262239710499948214_70181750218880 RAISED /home/hvo/dev/RailsProject/work/depot/app/views/products/_form.html.erb:20: syntax error, unexpected tINTEGER, expecting keyword_do or '{' or '('
....text_area :description, rows 6 );@output_buffer.safe_concat...
...                               ^
Function body:           def _app_views_products__form_html_erb__4262239710499948214_70181750218880(local_assigns, output_buffer)
            _old_virtual_path, @virtual_path = @virtual_path, "products/_form";_old_output_buffer = @output_buffer;form = local_assigns[:form];;@output_buffer = output_buffer || ActionView::OutputBuffer.new;@output_buffer.append=  form_for(@product) do |f| @output_buffer.safe_concat('
');   if @product.errors.any? 
@output_buffer.safe_concat('    <div id="error_explanation">
      <h2>');@output_buffer.append= ( pluralize(@product.errors.count, "error") );@output_buffer.safe_concat(' prohibited this product from being saved:</h2>

      <ul>
');       @product.errors.full_messages.each do |msg| 
@output_buffer.safe_concat('        <li>');@output_buffer.append= ( msg );@output_buffer.safe_concat('</li>
');       end 
@output_buffer.safe_concat('      </ul>
    </div>
');   end 
@output_buffer.safe_concat('
  <div class="field">
    ');@output_buffer.append= ( f.label :title );@output_buffer.safe_concat('<br />
    ');@output_buffer.append= ( f.text_field :title );@output_buffer.safe_concat('
');@output_buffer.safe_concat('  </div>
  <div class="field">
    ');@output_buffer.append= ( f.label :description );@output_buffer.safe_concat('<br />
    ');@output_buffer.append= ( f.text_area :description, rows 6 );@output_buffer.safe_concat('
');@output_buffer.safe_concat('  </div>
  <div class="field">
    ');@output_buffer.append= ( f.label :image_url );@output_buffer.safe_concat('<br />
    ');@output_buffer.append= ( f.text_field :image_url );@output_buffer.safe_concat('
');@output_buffer.safe_concat('  </div>
  <div class="field">
    ');@output_buffer.append= ( f.label :price );@output_buffer.safe_concat('<br />
    ');@output_buffer.append= ( f.text_field :price );@output_buffer.safe_concat('
');@output_buffer.safe_concat('  </div>
  <div class="actions">
    ');@output_buffer.append= ( f.submit );@output_buffer.safe_concat('
');@output_buffer.safe_concat('  </div>
'); end 
@output_buffer.to_s
          ensure
            @virtual_path, @output_buffer = _old_virtual_path, _old_output_buffer
          end

Backtrace: /home/hvo/.rvm/gems/ruby-1.9.3-p392/gems/actionpack-3.2.13/lib/action_view/template.rb:297:in `module_eval'
/home/hvo/.rvm/gems/ruby-1.9.3-p392/gems/actionpack-3.2.13/lib/action_view/template.rb:297:in `compile'
/home/hvo/.rvm/gems/ruby-1.9.3-p392/gems/actionpack-3.2.13/lib/action_view/template.rb:244:in `block in compile!'
<internal:prelude>:10:in `synchronize'
/home/hvo/.rvm/gems/ruby-1.9.3-p392/gems/actionpack-3.2.13/lib/action_view/template.rb:232:in `compile!'
/home/hvo/.rvm/gems/ruby-1.9.3-p392/gems/actionpack-3.2.13/lib/action_view/template.rb:144:in `block in render'
/home/hvo/.rvm/gems/ruby-1.9.3-p392/gems/activesupport-3.2.13/lib/active_support/notifications.rb:125:in `instrument'
/home/hvo/.rvm/gems/ruby-1.9.3-p392/gems/actionpack-3.2.13/lib/action_view/template.rb:143:in `render'
/home/hvo/.rvm/gems/ruby-1.9.3-p392/gems/actionpack-3.2.13/lib/action_view/renderer/partial_renderer.rb:265:in `render_partial'
/home/hvo/.rvm/gems/ruby-1.9.3-p392/gems/actionpack-3.2.13/lib/action_view/renderer/partial_renderer.rb:238:in `block in render'
/home/hvo/.rvm/gems/ruby-1.9.3-p392/gems/actionpack-3.2.13/lib/action_view/renderer/abstract_renderer.rb:38:in `block in instrument'
/home/hvo/.rvm/gems/ruby-1.9.3-p392/gems/activesupport-3.2.13/lib/active_support/notifications.rb:123:in `block in instrument'
/home/hvo/.rvm/gems/ruby-1.9.3-p392/gems/activesupport-3.2.13/lib/active_support/notifications/instrumenter.rb:20:in `instrument'
/home/hvo/.rvm/gems/ruby-1.9.3-p392/gems/activesupport-3.2.13/lib/active_support/notifications.rb:123:in `instrument'
/home/hvo/.rvm/gems/ruby-1.9.3-p392/gems/actionpack-3.2.13/lib/action_view/renderer/abstract_renderer.rb:38:in `instrument'
/home/hvo/.rvm/gems/ruby-1.9.3-p392/gems/actionpack-3.2.13/lib/action_view/renderer/partial_renderer.rb:237:in `render'
/home/hvo/.rvm/gems/ruby-1.9.3-p392/gems/actionpack-3.2.13/lib/action_view/renderer/renderer.rb:41:in `render_partial'
/home/hvo/.rvm/gems/ruby-1.9.3-p392/gems/actionpack-3.2.13/lib/action_view/helpers/rendering_helper.rb:27:in `render'
/home/hvo/dev/RailsProject/work/depot/app/views/products/new.html.erb:3:in `_app_views_products_new_html_erb__3636294579774500294_70181746114680'
/home/hvo/.rvm/gems/ruby-1.9.3-p392/gems/actionpack-3.2.13/lib/action_view/template.rb:145:in `block in render'
/home/hvo/.rvm/gems/ruby-1.9.3-p392/gems/activesupport-3.2.13/lib/active_support/notifications.rb:125:in `instrument'
/home/hvo/.rvm/gems/ruby-1.9.3-p392/gems/actionpack-3.2.13/lib/action_view/template.rb:143:in `render'
/home/hvo/.rvm/gems/ruby-1.9.3-p392/gems/actionpack-3.2.13/lib/action_view/renderer/template_renderer.rb:47:in `block (2 levels) in render_template'
/home/hvo/.rvm/gems/ruby-1.9.3-p392/gems/actionpack-3.2.13/lib/action_view/renderer/abstract_renderer.rb:38:in `block in instrument'
/home/hvo/.rvm/gems/ruby-1.9.3-p392/gems/activesupport-3.2.13/lib/active_support/notifications.rb:123:in `block in instrument'
/home/hvo/.rvm/gems/ruby-1.9.3-p392/gems/activesupport-3.2.13/lib/active_support/notifications/instrumenter.rb:20:in `instrument'
/home/hvo/.rvm/gems/ruby-1.9.3-p392/gems/activesupport-3.2.13/lib/active_support/notifications.rb:123:in `instrument'
/home/hvo/.rvm/gems/ruby-1.9.3-p392/gems/actionpack-3.2.13/lib/action_view/renderer/abstract_renderer.rb:38:in `instrument'
/home/hvo/.rvm/gems/ruby-1.9.3-p392/gems/actionpack-3.2.13/lib/action_view/renderer/template_renderer.rb:46:in `block in render_template'
/home/hvo/.rvm/gems/ruby-1.9.3-p392/gems/actionpack-3.2.13/lib/action_view/renderer/template_renderer.rb:54:in `render_with_layout'
/home/hvo/.rvm/gems/ruby-1.9.3-p392/gems/actionpack-3.2.13/lib/action_view/renderer/template_renderer.rb:45:in `render_template'
/home/hvo/.rvm/gems/ruby-1.9.3-p392/gems/actionpack-3.2.13/lib/action_view/renderer/template_renderer.rb:18:in `render'
/home/hvo/.rvm/gems/ruby-1.9.3-p392/gems/actionpack-3.2.13/lib/action_view/renderer/renderer.rb:36:in `render_template'
/home/hvo/.rvm/gems/ruby-1.9.3-p392/gems/actionpack-3.2.13/lib/action_view/renderer/renderer.rb:17:in `render'
/home/hvo/.rvm/gems/ruby-1.9.3-p392/gems/actionpack-3.2.13/lib/abstract_controller/rendering.rb:110:in `_render_template'
/home/hvo/.rvm/gems/ruby-1.9.3-p392/gems/actionpack-3.2.13/lib/action_controller/metal/streaming.rb:225:in `_render_template'
/home/hvo/.rvm/gems/ruby-1.9.3-p392/gems/actionpack-3.2.13/lib/abstract_controller/rendering.rb:103:in `render_to_body'
/home/hvo/.rvm/gems/ruby-1.9.3-p392/gems/actionpack-3.2.13/lib/action_controller/metal/renderers.rb:28:in `render_to_body'
/home/hvo/.rvm/gems/ruby-1.9.3-p392/gems/actionpack-3.2.13/lib/action_controller/metal/compatibility.rb:50:in `render_to_body'
/home/hvo/.rvm/gems/ruby-1.9.3-p392/gems/actionpack-3.2.13/lib/abstract_controller/rendering.rb:88:in `render'
/home/hvo/.rvm/gems/ruby-1.9.3-p392/gems/actionpack-3.2.13/lib/action_controller/metal/rendering.rb:16:in `render'
/home/hvo/.rvm/gems/ruby-1.9.3-p392/gems/actionpack-3.2.13/lib/action_controller/metal/instrumentation.rb:40:in `block (2 levels) in render'
/home/hvo/.rvm/gems/ruby-1.9.3-p392/gems/activesupport-3.2.13/lib/active_support/core_ext/benchmark.rb:5:in `block in ms'
/home/hvo/.rvm/rubies/ruby-1.9.3-p392/lib/ruby/1.9.1/benchmark.rb:295:in `realtime'
/home/hvo/.rvm/gems/ruby-1.9.3-p392/gems/activesupport-3.2.13/lib/active_support/core_ext/benchmark.rb:5:in `ms'
/home/hvo/.rvm/gems/ruby-1.9.3-p392/gems/actionpack-3.2.13/lib/action_controller/metal/instrumentation.rb:40:in `block in render'
/home/hvo/.rvm/gems/ruby-1.9.3-p392/gems/actionpack-3.2.13/lib/action_controller/metal/instrumentation.rb:83:in `cleanup_view_runtime'
/home/hvo/.rvm/gems/ruby-1.9.3-p392/gems/activerecord-3.2.13/lib/active_record/railties/controller_runtime.rb:24:in `cleanup_view_runtime'
/home/hvo/.rvm/gems/ruby-1.9.3-p392/gems/actionpack-3.2.13/lib/action_controller/metal/instrumentation.rb:39:in `render'
/home/hvo/.rvm/gems/ruby-1.9.3-p392/gems/actionpack-3.2.13/lib/action_controller/metal/implicit_render.rb:10:in `default_render'
/home/hvo/.rvm/gems/ruby-1.9.3-p392/gems/actionpack-3.2.13/lib/action_controller/metal/mime_responds.rb:196:in `respond_to'
/home/hvo/dev/RailsProject/work/depot/app/controllers/products_controller.rb:29:in `new'
/home/hvo/.rvm/gems/ruby-1.9.3-p392/gems/actionpack-3.2.13/lib/action_controller/metal/implicit_render.rb:4:in `send_action'
/home/hvo/.rvm/gems/ruby-1.9.3-p392/gems/actionpack-3.2.13/lib/abstract_controller/base.rb:167:in `process_action'
/home/hvo/.rvm/gems/ruby-1.9.3-p392/gems/actionpack-3.2.13/lib/action_controller/metal/rendering.rb:10:in `process_action'
/home/hvo/.rvm/gems/ruby-1.9.3-p392/gems/actionpack-3.2.13/lib/abstract_controller/callbacks.rb:18:in `block in process_action'
/home/hvo/.rvm/gems/ruby-1.9.3-p392/gems/activesupport-3.2.13/lib/active_support/callbacks.rb:414:in `_run__125842428440209143__process_action__2310082708431993749__callbacks'
/home/hvo/.rvm/gems/ruby-1.9.3-p392/gems/activesupport-3.2.13/lib/active_support/callbacks.rb:405:in `__run_callback'
/home/hvo/.rvm/gems/ruby-1.9.3-p392/gems/activesupport-3.2.13/lib/active_support/callbacks.rb:385:in `_run_process_action_callbacks'
/home/hvo/.rvm/gems/ruby-1.9.3-p392/gems/activesupport-3.2.13/lib/active_support/callbacks.rb:81:in `run_callbacks'
/home/hvo/.rvm/gems/ruby-1.9.3-p392/gems/actionpack-3.2.13/lib/abstract_controller/callbacks.rb:17:in `process_action'
/home/hvo/.rvm/gems/ruby-1.9.3-p392/gems/actionpack-3.2.13/lib/action_controller/metal/rescue.rb:29:in `process_action'
/home/hvo/.rvm/gems/ruby-1.9.3-p392/gems/actionpack-3.2.13/lib/action_controller/metal/instrumentation.rb:30:in `block in process_action'
/home/hvo/.rvm/gems/ruby-1.9.3-p392/gems/activesupport-3.2.13/lib/active_support/notifications.rb:123:in `block in instrument'
/home/hvo/.rvm/gems/ruby-1.9.3-p392/gems/activesupport-3.2.13/lib/active_support/notifications/instrumenter.rb:20:in `instrument'
/home/hvo/.rvm/gems/ruby-1.9.3-p392/gems/activesupport-3.2.13/lib/active_support/notifications.rb:123:in `instrument'
/home/hvo/.rvm/gems/ruby-1.9.3-p392/gems/actionpack-3.2.13/lib/action_controller/metal/instrumentation.rb:29:in `process_action'
/home/hvo/.rvm/gems/ruby-1.9.3-p392/gems/actionpack-3.2.13/lib/action_controller/metal/params_wrapper.rb:207:in `process_action'
/home/hvo/.rvm/gems/ruby-1.9.3-p392/gems/activerecord-3.2.13/lib/active_record/railties/controller_runtime.rb:18:in `process_action'
/home/hvo/.rvm/gems/ruby-1.9.3-p392/gems/actionpack-3.2.13/lib/abstract_controller/base.rb:121:in `process'
/home/hvo/.rvm/gems/ruby-1.9.3-p392/gems/actionpack-3.2.13/lib/abstract_controller/rendering.rb:45:in `process'
/home/hvo/.rvm/gems/ruby-1.9.3-p392/gems/actionpack-3.2.13/lib/action_controller/metal.rb:203:in `dispatch'
/home/hvo/.rvm/gems/ruby-1.9.3-p392/gems/actionpack-3.2.13/lib/action_controller/metal/rack_delegation.rb:14:in `dispatch'
/home/hvo/.rvm/gems/ruby-1.9.3-p392/gems/actionpack-3.2.13/lib/action_controller/metal.rb:246:in `block in action'
/home/hvo/.rvm/gems/ruby-1.9.3-p392/gems/actionpack-3.2.13/lib/action_dispatch/routing/route_set.rb:73:in `call'
/home/hvo/.rvm/gems/ruby-1.9.3-p392/gems/actionpack-3.2.13/lib/action_dispatch/routing/route_set.rb:73:in `dispatch'
/home/hvo/.rvm/gems/ruby-1.9.3-p392/gems/actionpack-3.2.13/lib/action_dispatch/routing/route_set.rb:36:in `call'
/home/hvo/.rvm/gems/ruby-1.9.3-p392/gems/journey-1.0.4/lib/journey/router.rb:68:in `block in call'
/home/hvo/.rvm/gems/ruby-1.9.3-p392/gems/journey-1.0.4/lib/journey/router.rb:56:in `each'
/home/hvo/.rvm/gems/ruby-1.9.3-p392/gems/journey-1.0.4/lib/journey/router.rb:56:in `call'
/home/hvo/.rvm/gems/ruby-1.9.3-p392/gems/actionpack-3.2.13/lib/action_dispatch/routing/route_set.rb:612:in `call'
/home/hvo/.rvm/gems/ruby-1.9.3-p392/gems/actionpack-3.2.13/lib/action_dispatch/middleware/best_standards_support.rb:17:in `call'
/home/hvo/.rvm/gems/ruby-1.9.3-p392/gems/rack-1.4.5/lib/rack/etag.rb:23:in `call'
/home/hvo/.rvm/gems/ruby-1.9.3-p392/gems/rack-1.4.5/lib/rack/conditionalget.rb:25:in `call'
/home/hvo/.rvm/gems/ruby-1.9.3-p392/gems/actionpack-3.2.13/lib/action_dispatch/middleware/head.rb:14:in `call'
/home/hvo/.rvm/gems/ruby-1.9.3-p392/gems/actionpack-3.2.13/lib/action_dispatch/middleware/params_parser.rb:21:in `call'
/home/hvo/.rvm/gems/ruby-1.9.3-p392/gems/actionpack-3.2.13/lib/action_dispatch/middleware/flash.rb:242:in `call'
/home/hvo/.rvm/gems/ruby-1.9.3-p392/gems/rack-1.4.5/lib/rack/session/abstract/id.rb:210:in `context'
/home/hvo/.rvm/gems/ruby-1.9.3-p392/gems/rack-1.4.5/lib/rack/session/abstract/id.rb:205:in `call'
/home/hvo/.rvm/gems/ruby-1.9.3-p392/gems/actionpack-3.2.13/lib/action_dispatch/middleware/cookies.rb:341:in `call'
/home/hvo/.rvm/gems/ruby-1.9.3-p392/gems/activerecord-3.2.13/lib/active_record/query_cache.rb:64:in `call'
/home/hvo/.rvm/gems/ruby-1.9.3-p392/gems/activerecord-3.2.13/lib/active_record/connection_adapters/abstract/connection_pool.rb:479:in `call'
/home/hvo/.rvm/gems/ruby-1.9.3-p392/gems/actionpack-3.2.13/lib/action_dispatch/middleware/callbacks.rb:28:in `block in call'
/home/hvo/.rvm/gems/ruby-1.9.3-p392/gems/activesupport-3.2.13/lib/active_support/callbacks.rb:405:in `_run__4031175192199495291__call__4031041051857492738__callbacks'
/home/hvo/.rvm/gems/ruby-1.9.3-p392/gems/activesupport-3.2.13/lib/active_support/callbacks.rb:405:in `__run_callback'
/home/hvo/.rvm/gems/ruby-1.9.3-p392/gems/activesupport-3.2.13/lib/active_support/callbacks.rb:385:in `_run_call_callbacks'
/home/hvo/.rvm/gems/ruby-1.9.3-p392/gems/activesupport-3.2.13/lib/active_support/callbacks.rb:81:in `run_callbacks'
/home/hvo/.rvm/gems/ruby-1.9.3-p392/gems/actionpack-3.2.13/lib/action_dispatch/middleware/callbacks.rb:27:in `call'
/home/hvo/.rvm/gems/ruby-1.9.3-p392/gems/actionpack-3.2.13/lib/action_dispatch/middleware/reloader.rb:65:in `call'
/home/hvo/.rvm/gems/ruby-1.9.3-p392/gems/actionpack-3.2.13/lib/action_dispatch/middleware/remote_ip.rb:31:in `call'
/home/hvo/.rvm/gems/ruby-1.9.3-p392/gems/actionpack-3.2.13/lib/action_dispatch/middleware/debug_exceptions.rb:16:in `call'
/home/hvo/.rvm/gems/ruby-1.9.3-p392/gems/actionpack-3.2.13/lib/action_dispatch/middleware/show_exceptions.rb:56:in `call'
/home/hvo/.rvm/gems/ruby-1.9.3-p392/gems/railties-3.2.13/lib/rails/rack/logger.rb:32:in `call_app'
/home/hvo/.rvm/gems/ruby-1.9.3-p392/gems/railties-3.2.13/lib/rails/rack/logger.rb:16:in `block in call'
/home/hvo/.rvm/gems/ruby-1.9.3-p392/gems/activesupport-3.2.13/lib/active_support/tagged_logging.rb:22:in `tagged'
/home/hvo/.rvm/gems/ruby-1.9.3-p392/gems/railties-3.2.13/lib/rails/rack/logger.rb:16:in `call'
/home/hvo/.rvm/gems/ruby-1.9.3-p392/gems/actionpack-3.2.13/lib/action_dispatch/middleware/request_id.rb:22:in `call'
/home/hvo/.rvm/gems/ruby-1.9.3-p392/gems/rack-1.4.5/lib/rack/methodoverride.rb:21:in `call'
/home/hvo/.rvm/gems/ruby-1.9.3-p392/gems/rack-1.4.5/lib/rack/runtime.rb:17:in `call'
/home/hvo/.rvm/gems/ruby-1.9.3-p392/gems/activesupport-3.2.13/lib/active_support/cache/strategy/local_cache.rb:72:in `call'
/home/hvo/.rvm/gems/ruby-1.9.3-p392/gems/rack-1.4.5/lib/rack/lock.rb:15:in `call'
/home/hvo/.rvm/gems/ruby-1.9.3-p392/gems/actionpack-3.2.13/lib/action_dispatch/middleware/static.rb:63:in `call'
/home/hvo/.rvm/gems/ruby-1.9.3-p392/gems/railties-3.2.13/lib/rails/engine.rb:479:in `call'
/home/hvo/.rvm/gems/ruby-1.9.3-p392/gems/railties-3.2.13/lib/rails/application.rb:223:in `call'
/home/hvo/.rvm/gems/ruby-1.9.3-p392/gems/rack-1.4.5/lib/rack/content_length.rb:14:in `call'
/home/hvo/.rvm/gems/ruby-1.9.3-p392/gems/railties-3.2.13/lib/rails/rack/log_tailer.rb:17:in `call'
/home/hvo/.rvm/gems/ruby-1.9.3-p392/gems/rack-1.4.5/lib/rack/handler/webrick.rb:59:in `service'
/home/hvo/.rvm/rubies/ruby-1.9.3-p392/lib/ruby/1.9.1/webrick/httpserver.rb:138:in `service'
/home/hvo/.rvm/rubies/ruby-1.9.3-p392/lib/ruby/1.9.1/webrick/httpserver.rb:94:in `run'
/home/hvo/.rvm/rubies/ruby-1.9.3-p392/lib/ruby/1.9.1/webrick/server.rb:191:in `block in start_thread'
  Rendered products/_form.html.erb (1.9ms)
  Rendered products/new.html.erb within layouts/application (2.6ms)
Completed 500 Internal Server Error in 6ms

ActionView::Template::Error (/home/hvo/dev/RailsProject/work/depot/app/views/products/_form.html.erb:20: syntax error, unexpected tINTEGER, expecting keyword_do or '{' or '('
....text_area :description, rows 6 );@output_buffer.safe_concat...
...                               ^):
    17:   </div>
    18:   <div class="field">
    19:     <%= f.label :description %><br />
    20:     <%= f.text_area :description, rows 6 %>
    21:   </div>
    22:   <div class="field">
    23:     <%= f.label :image_url %><br />
  app/views/products/new.html.erb:3:in `_app_views_products_new_html_erb__3636294579774500294_70181746114680'
  app/controllers/products_controller.rb:29:in `new'


  Rendered /home/hvo/.rvm/gems/ruby-1.9.3-p392/gems/actionpack-3.2.13/lib/action_dispatch/middleware/templates/rescues/_trace.erb (1.6ms)
  Rendered /home/hvo/.rvm/gems/ruby-1.9.3-p392/gems/actionpack-3.2.13/lib/action_dispatch/middleware/templates/rescues/_request_and_response.erb (1.3ms)
  Rendered /home/hvo/.rvm/gems/ruby-1.9.3-p392/gems/actionpack-3.2.13/lib/action_dispatch/middleware/templates/rescues/template_error.erb within rescues/layout (10.6ms)


Started GET "/products" for 127.0.0.1 at 2013-12-07 20:26:31 -0800
Processing by ProductsController#index as HTML
  [1m[35mProduct Load (0.2ms)[0m  SELECT "products".* FROM "products" 
  Rendered products/index.html.erb within layouts/application (4.2ms)
Completed 200 OK in 19ms (Views: 17.0ms | ActiveRecord: 0.2ms)


Started GET "/assets/application.css?body=1" for 127.0.0.1 at 2013-12-07 20:26:31 -0800
Served asset /application.css - 304 Not Modified (13ms)


Started GET "/assets/products.js?body=1" for 127.0.0.1 at 2013-12-07 20:26:31 -0800
Served asset /products.js - 304 Not Modified (0ms)


Started GET "/assets/scaffolds.css?body=1" for 127.0.0.1 at 2013-12-07 20:26:31 -0800
Served asset /scaffolds.css - 304 Not Modified (0ms)


Started GET "/assets/jquery.js?body=1" for 127.0.0.1 at 2013-12-07 20:26:31 -0800
Served asset /jquery.js - 304 Not Modified (1ms)


Started GET "/assets/jquery_ujs.js?body=1" for 127.0.0.1 at 2013-12-07 20:26:31 -0800
Served asset /jquery_ujs.js - 304 Not Modified (0ms)


Started GET "/assets/products.css?body=1" for 127.0.0.1 at 2013-12-07 20:26:31 -0800
Served asset /products.css - 304 Not Modified (0ms)


Started GET "/assets/application.js?body=1" for 127.0.0.1 at 2013-12-07 20:26:31 -0800
Served asset /application.js - 304 Not Modified (1ms)


Started GET "/assets/cs.jpg" for 127.0.0.1 at 2013-12-07 20:26:31 -0800
Served asset /cs.jpg - 304 Not Modified (0ms)


Started GET "/assets/ruby.jpg" for 127.0.0.1 at 2013-12-07 20:26:31 -0800
Served asset /ruby.jpg - 304 Not Modified (0ms)


Started GET "/assets/rtp.jpg" for 127.0.0.1 at 2013-12-07 20:26:31 -0800
Served asset /rtp.jpg - 304 Not Modified (0ms)


Started GET "/products/new" for 127.0.0.1 at 2013-12-07 20:26:33 -0800
Processing by ProductsController#new as HTML
ERROR: compiling _app_views_products__form_html_erb__4262239710499948214_70181750218880 RAISED /home/hvo/dev/RailsProject/work/depot/app/views/products/_form.html.erb:20: syntax error, unexpected tINTEGER, expecting keyword_do or '{' or '('
....text_area :description, rows 6 );@output_buffer.safe_concat...
...                               ^
Function body:           def _app_views_products__form_html_erb__4262239710499948214_70181750218880(local_assigns, output_buffer)
            _old_virtual_path, @virtual_path = @virtual_path, "products/_form";_old_output_buffer = @output_buffer;form = local_assigns[:form];;@output_buffer = output_buffer || ActionView::OutputBuffer.new;@output_buffer.append=  form_for(@product) do |f| @output_buffer.safe_concat('
');   if @product.errors.any? 
@output_buffer.safe_concat('    <div id="error_explanation">
      <h2>');@output_buffer.append= ( pluralize(@product.errors.count, "error") );@output_buffer.safe_concat(' prohibited this product from being saved:</h2>

      <ul>
');       @product.errors.full_messages.each do |msg| 
@output_buffer.safe_concat('        <li>');@output_buffer.append= ( msg );@output_buffer.safe_concat('</li>
');       end 
@output_buffer.safe_concat('      </ul>
    </div>
');   end 
@output_buffer.safe_concat('
  <div class="field">
    ');@output_buffer.append= ( f.label :title );@output_buffer.safe_concat('<br />
    ');@output_buffer.append= ( f.text_field :title );@output_buffer.safe_concat('
');@output_buffer.safe_concat('  </div>
  <div class="field">
    ');@output_buffer.append= ( f.label :description );@output_buffer.safe_concat('<br />
    ');@output_buffer.append= ( f.text_area :description, rows 6 );@output_buffer.safe_concat('
');@output_buffer.safe_concat('  </div>
  <div class="field">
    ');@output_buffer.append= ( f.label :image_url );@output_buffer.safe_concat('<br />
    ');@output_buffer.append= ( f.text_field :image_url );@output_buffer.safe_concat('
');@output_buffer.safe_concat('  </div>
  <div class="field">
    ');@output_buffer.append= ( f.label :price );@output_buffer.safe_concat('<br />
    ');@output_buffer.append= ( f.text_field :price );@output_buffer.safe_concat('
');@output_buffer.safe_concat('  </div>
  <div class="actions">
    ');@output_buffer.append= ( f.submit );@output_buffer.safe_concat('
');@output_buffer.safe_concat('  </div>
'); end 
@output_buffer.to_s
          ensure
            @virtual_path, @output_buffer = _old_virtual_path, _old_output_buffer
          end

Backtrace: /home/hvo/.rvm/gems/ruby-1.9.3-p392/gems/actionpack-3.2.13/lib/action_view/template.rb:297:in `module_eval'
/home/hvo/.rvm/gems/ruby-1.9.3-p392/gems/actionpack-3.2.13/lib/action_view/template.rb:297:in `compile'
/home/hvo/.rvm/gems/ruby-1.9.3-p392/gems/actionpack-3.2.13/lib/action_view/template.rb:244:in `block in compile!'
<internal:prelude>:10:in `synchronize'
/home/hvo/.rvm/gems/ruby-1.9.3-p392/gems/actionpack-3.2.13/lib/action_view/template.rb:232:in `compile!'
/home/hvo/.rvm/gems/ruby-1.9.3-p392/gems/actionpack-3.2.13/lib/action_view/template.rb:144:in `block in render'
/home/hvo/.rvm/gems/ruby-1.9.3-p392/gems/activesupport-3.2.13/lib/active_support/notifications.rb:125:in `instrument'
/home/hvo/.rvm/gems/ruby-1.9.3-p392/gems/actionpack-3.2.13/lib/action_view/template.rb:143:in `render'
/home/hvo/.rvm/gems/ruby-1.9.3-p392/gems/actionpack-3.2.13/lib/action_view/renderer/partial_renderer.rb:265:in `render_partial'
/home/hvo/.rvm/gems/ruby-1.9.3-p392/gems/actionpack-3.2.13/lib/action_view/renderer/partial_renderer.rb:238:in `block in render'
/home/hvo/.rvm/gems/ruby-1.9.3-p392/gems/actionpack-3.2.13/lib/action_view/renderer/abstract_renderer.rb:38:in `block in instrument'
/home/hvo/.rvm/gems/ruby-1.9.3-p392/gems/activesupport-3.2.13/lib/active_support/notifications.rb:123:in `block in instrument'
/home/hvo/.rvm/gems/ruby-1.9.3-p392/gems/activesupport-3.2.13/lib/active_support/notifications/instrumenter.rb:20:in `instrument'
/home/hvo/.rvm/gems/ruby-1.9.3-p392/gems/activesupport-3.2.13/lib/active_support/notifications.rb:123:in `instrument'
/home/hvo/.rvm/gems/ruby-1.9.3-p392/gems/actionpack-3.2.13/lib/action_view/renderer/abstract_renderer.rb:38:in `instrument'
/home/hvo/.rvm/gems/ruby-1.9.3-p392/gems/actionpack-3.2.13/lib/action_view/renderer/partial_renderer.rb:237:in `render'
/home/hvo/.rvm/gems/ruby-1.9.3-p392/gems/actionpack-3.2.13/lib/action_view/renderer/renderer.rb:41:in `render_partial'
/home/hvo/.rvm/gems/ruby-1.9.3-p392/gems/actionpack-3.2.13/lib/action_view/helpers/rendering_helper.rb:27:in `render'
/home/hvo/dev/RailsProject/work/depot/app/views/products/new.html.erb:3:in `_app_views_products_new_html_erb__3636294579774500294_70181746114680'
/home/hvo/.rvm/gems/ruby-1.9.3-p392/gems/actionpack-3.2.13/lib/action_view/template.rb:145:in `block in render'
/home/hvo/.rvm/gems/ruby-1.9.3-p392/gems/activesupport-3.2.13/lib/active_support/notifications.rb:125:in `instrument'
/home/hvo/.rvm/gems/ruby-1.9.3-p392/gems/actionpack-3.2.13/lib/action_view/template.rb:143:in `render'
/home/hvo/.rvm/gems/ruby-1.9.3-p392/gems/actionpack-3.2.13/lib/action_view/renderer/template_renderer.rb:47:in `block (2 levels) in render_template'
/home/hvo/.rvm/gems/ruby-1.9.3-p392/gems/actionpack-3.2.13/lib/action_view/renderer/abstract_renderer.rb:38:in `block in instrument'
/home/hvo/.rvm/gems/ruby-1.9.3-p392/gems/activesupport-3.2.13/lib/active_support/notifications.rb:123:in `block in instrument'
/home/hvo/.rvm/gems/ruby-1.9.3-p392/gems/activesupport-3.2.13/lib/active_support/notifications/instrumenter.rb:20:in `instrument'
/home/hvo/.rvm/gems/ruby-1.9.3-p392/gems/activesupport-3.2.13/lib/active_support/notifications.rb:123:in `instrument'
/home/hvo/.rvm/gems/ruby-1.9.3-p392/gems/actionpack-3.2.13/lib/action_view/renderer/abstract_renderer.rb:38:in `instrument'
/home/hvo/.rvm/gems/ruby-1.9.3-p392/gems/actionpack-3.2.13/lib/action_view/renderer/template_renderer.rb:46:in `block in render_template'
/home/hvo/.rvm/gems/ruby-1.9.3-p392/gems/actionpack-3.2.13/lib/action_view/renderer/template_renderer.rb:54:in `render_with_layout'
/home/hvo/.rvm/gems/ruby-1.9.3-p392/gems/actionpack-3.2.13/lib/action_view/renderer/template_renderer.rb:45:in `render_template'
/home/hvo/.rvm/gems/ruby-1.9.3-p392/gems/actionpack-3.2.13/lib/action_view/renderer/template_renderer.rb:18:in `render'
/home/hvo/.rvm/gems/ruby-1.9.3-p392/gems/actionpack-3.2.13/lib/action_view/renderer/renderer.rb:36:in `render_template'
/home/hvo/.rvm/gems/ruby-1.9.3-p392/gems/actionpack-3.2.13/lib/action_view/renderer/renderer.rb:17:in `render'
/home/hvo/.rvm/gems/ruby-1.9.3-p392/gems/actionpack-3.2.13/lib/abstract_controller/rendering.rb:110:in `_render_template'
/home/hvo/.rvm/gems/ruby-1.9.3-p392/gems/actionpack-3.2.13/lib/action_controller/metal/streaming.rb:225:in `_render_template'
/home/hvo/.rvm/gems/ruby-1.9.3-p392/gems/actionpack-3.2.13/lib/abstract_controller/rendering.rb:103:in `render_to_body'
/home/hvo/.rvm/gems/ruby-1.9.3-p392/gems/actionpack-3.2.13/lib/action_controller/metal/renderers.rb:28:in `render_to_body'
/home/hvo/.rvm/gems/ruby-1.9.3-p392/gems/actionpack-3.2.13/lib/action_controller/metal/compatibility.rb:50:in `render_to_body'
/home/hvo/.rvm/gems/ruby-1.9.3-p392/gems/actionpack-3.2.13/lib/abstract_controller/rendering.rb:88:in `render'
/home/hvo/.rvm/gems/ruby-1.9.3-p392/gems/actionpack-3.2.13/lib/action_controller/metal/rendering.rb:16:in `render'
/home/hvo/.rvm/gems/ruby-1.9.3-p392/gems/actionpack-3.2.13/lib/action_controller/metal/instrumentation.rb:40:in `block (2 levels) in render'
/home/hvo/.rvm/gems/ruby-1.9.3-p392/gems/activesupport-3.2.13/lib/active_support/core_ext/benchmark.rb:5:in `block in ms'
/home/hvo/.rvm/rubies/ruby-1.9.3-p392/lib/ruby/1.9.1/benchmark.rb:295:in `realtime'
/home/hvo/.rvm/gems/ruby-1.9.3-p392/gems/activesupport-3.2.13/lib/active_support/core_ext/benchmark.rb:5:in `ms'
/home/hvo/.rvm/gems/ruby-1.9.3-p392/gems/actionpack-3.2.13/lib/action_controller/metal/instrumentation.rb:40:in `block in render'
/home/hvo/.rvm/gems/ruby-1.9.3-p392/gems/actionpack-3.2.13/lib/action_controller/metal/instrumentation.rb:83:in `cleanup_view_runtime'
/home/hvo/.rvm/gems/ruby-1.9.3-p392/gems/activerecord-3.2.13/lib/active_record/railties/controller_runtime.rb:24:in `cleanup_view_runtime'
/home/hvo/.rvm/gems/ruby-1.9.3-p392/gems/actionpack-3.2.13/lib/action_controller/metal/instrumentation.rb:39:in `render'
/home/hvo/.rvm/gems/ruby-1.9.3-p392/gems/actionpack-3.2.13/lib/action_controller/metal/implicit_render.rb:10:in `default_render'
/home/hvo/.rvm/gems/ruby-1.9.3-p392/gems/actionpack-3.2.13/lib/action_controller/metal/mime_responds.rb:196:in `respond_to'
/home/hvo/dev/RailsProject/work/depot/app/controllers/products_controller.rb:29:in `new'
/home/hvo/.rvm/gems/ruby-1.9.3-p392/gems/actionpack-3.2.13/lib/action_controller/metal/implicit_render.rb:4:in `send_action'
/home/hvo/.rvm/gems/ruby-1.9.3-p392/gems/actionpack-3.2.13/lib/abstract_controller/base.rb:167:in `process_action'
/home/hvo/.rvm/gems/ruby-1.9.3-p392/gems/actionpack-3.2.13/lib/action_controller/metal/rendering.rb:10:in `process_action'
/home/hvo/.rvm/gems/ruby-1.9.3-p392/gems/actionpack-3.2.13/lib/abstract_controller/callbacks.rb:18:in `block in process_action'
/home/hvo/.rvm/gems/ruby-1.9.3-p392/gems/activesupport-3.2.13/lib/active_support/callbacks.rb:414:in `_run__125842428440209143__process_action__2310082708431993749__callbacks'
/home/hvo/.rvm/gems/ruby-1.9.3-p392/gems/activesupport-3.2.13/lib/active_support/callbacks.rb:405:in `__run_callback'
/home/hvo/.rvm/gems/ruby-1.9.3-p392/gems/activesupport-3.2.13/lib/active_support/callbacks.rb:385:in `_run_process_action_callbacks'
/home/hvo/.rvm/gems/ruby-1.9.3-p392/gems/activesupport-3.2.13/lib/active_support/callbacks.rb:81:in `run_callbacks'
/home/hvo/.rvm/gems/ruby-1.9.3-p392/gems/actionpack-3.2.13/lib/abstract_controller/callbacks.rb:17:in `process_action'
/home/hvo/.rvm/gems/ruby-1.9.3-p392/gems/actionpack-3.2.13/lib/action_controller/metal/rescue.rb:29:in `process_action'
/home/hvo/.rvm/gems/ruby-1.9.3-p392/gems/actionpack-3.2.13/lib/action_controller/metal/instrumentation.rb:30:in `block in process_action'
/home/hvo/.rvm/gems/ruby-1.9.3-p392/gems/activesupport-3.2.13/lib/active_support/notifications.rb:123:in `block in instrument'
/home/hvo/.rvm/gems/ruby-1.9.3-p392/gems/activesupport-3.2.13/lib/active_support/notifications/instrumenter.rb:20:in `instrument'
/home/hvo/.rvm/gems/ruby-1.9.3-p392/gems/activesupport-3.2.13/lib/active_support/notifications.rb:123:in `instrument'
/home/hvo/.rvm/gems/ruby-1.9.3-p392/gems/actionpack-3.2.13/lib/action_controller/metal/instrumentation.rb:29:in `process_action'
/home/hvo/.rvm/gems/ruby-1.9.3-p392/gems/actionpack-3.2.13/lib/action_controller/metal/params_wrapper.rb:207:in `process_action'
/home/hvo/.rvm/gems/ruby-1.9.3-p392/gems/activerecord-3.2.13/lib/active_record/railties/controller_runtime.rb:18:in `process_action'
/home/hvo/.rvm/gems/ruby-1.9.3-p392/gems/actionpack-3.2.13/lib/abstract_controller/base.rb:121:in `process'
/home/hvo/.rvm/gems/ruby-1.9.3-p392/gems/actionpack-3.2.13/lib/abstract_controller/rendering.rb:45:in `process'
/home/hvo/.rvm/gems/ruby-1.9.3-p392/gems/actionpack-3.2.13/lib/action_controller/metal.rb:203:in `dispatch'
/home/hvo/.rvm/gems/ruby-1.9.3-p392/gems/actionpack-3.2.13/lib/action_controller/metal/rack_delegation.rb:14:in `dispatch'
/home/hvo/.rvm/gems/ruby-1.9.3-p392/gems/actionpack-3.2.13/lib/action_controller/metal.rb:246:in `block in action'
/home/hvo/.rvm/gems/ruby-1.9.3-p392/gems/actionpack-3.2.13/lib/action_dispatch/routing/route_set.rb:73:in `call'
/home/hvo/.rvm/gems/ruby-1.9.3-p392/gems/actionpack-3.2.13/lib/action_dispatch/routing/route_set.rb:73:in `dispatch'
/home/hvo/.rvm/gems/ruby-1.9.3-p392/gems/actionpack-3.2.13/lib/action_dispatch/routing/route_set.rb:36:in `call'
/home/hvo/.rvm/gems/ruby-1.9.3-p392/gems/journey-1.0.4/lib/journey/router.rb:68:in `block in call'
/home/hvo/.rvm/gems/ruby-1.9.3-p392/gems/journey-1.0.4/lib/journey/router.rb:56:in `each'
/home/hvo/.rvm/gems/ruby-1.9.3-p392/gems/journey-1.0.4/lib/journey/router.rb:56:in `call'
/home/hvo/.rvm/gems/ruby-1.9.3-p392/gems/actionpack-3.2.13/lib/action_dispatch/routing/route_set.rb:612:in `call'
/home/hvo/.rvm/gems/ruby-1.9.3-p392/gems/actionpack-3.2.13/lib/action_dispatch/middleware/best_standards_support.rb:17:in `call'
/home/hvo/.rvm/gems/ruby-1.9.3-p392/gems/rack-1.4.5/lib/rack/etag.rb:23:in `call'
/home/hvo/.rvm/gems/ruby-1.9.3-p392/gems/rack-1.4.5/lib/rack/conditionalget.rb:25:in `call'
/home/hvo/.rvm/gems/ruby-1.9.3-p392/gems/actionpack-3.2.13/lib/action_dispatch/middleware/head.rb:14:in `call'
/home/hvo/.rvm/gems/ruby-1.9.3-p392/gems/actionpack-3.2.13/lib/action_dispatch/middleware/params_parser.rb:21:in `call'
/home/hvo/.rvm/gems/ruby-1.9.3-p392/gems/actionpack-3.2.13/lib/action_dispatch/middleware/flash.rb:242:in `call'
/home/hvo/.rvm/gems/ruby-1.9.3-p392/gems/rack-1.4.5/lib/rack/session/abstract/id.rb:210:in `context'
/home/hvo/.rvm/gems/ruby-1.9.3-p392/gems/rack-1.4.5/lib/rack/session/abstract/id.rb:205:in `call'
/home/hvo/.rvm/gems/ruby-1.9.3-p392/gems/actionpack-3.2.13/lib/action_dispatch/middleware/cookies.rb:341:in `call'
/home/hvo/.rvm/gems/ruby-1.9.3-p392/gems/activerecord-3.2.13/lib/active_record/query_cache.rb:64:in `call'
/home/hvo/.rvm/gems/ruby-1.9.3-p392/gems/activerecord-3.2.13/lib/active_record/connection_adapters/abstract/connection_pool.rb:479:in `call'
/home/hvo/.rvm/gems/ruby-1.9.3-p392/gems/actionpack-3.2.13/lib/action_dispatch/middleware/callbacks.rb:28:in `block in call'
/home/hvo/.rvm/gems/ruby-1.9.3-p392/gems/activesupport-3.2.13/lib/active_support/callbacks.rb:405:in `_run__4031175192199495291__call__4031041051857492738__callbacks'
/home/hvo/.rvm/gems/ruby-1.9.3-p392/gems/activesupport-3.2.13/lib/active_support/callbacks.rb:405:in `__run_callback'
/home/hvo/.rvm/gems/ruby-1.9.3-p392/gems/activesupport-3.2.13/lib/active_support/callbacks.rb:385:in `_run_call_callbacks'
/home/hvo/.rvm/gems/ruby-1.9.3-p392/gems/activesupport-3.2.13/lib/active_support/callbacks.rb:81:in `run_callbacks'
/home/hvo/.rvm/gems/ruby-1.9.3-p392/gems/actionpack-3.2.13/lib/action_dispatch/middleware/callbacks.rb:27:in `call'
/home/hvo/.rvm/gems/ruby-1.9.3-p392/gems/actionpack-3.2.13/lib/action_dispatch/middleware/reloader.rb:65:in `call'
/home/hvo/.rvm/gems/ruby-1.9.3-p392/gems/actionpack-3.2.13/lib/action_dispatch/middleware/remote_ip.rb:31:in `call'
/home/hvo/.rvm/gems/ruby-1.9.3-p392/gems/actionpack-3.2.13/lib/action_dispatch/middleware/debug_exceptions.rb:16:in `call'
/home/hvo/.rvm/gems/ruby-1.9.3-p392/gems/actionpack-3.2.13/lib/action_dispatch/middleware/show_exceptions.rb:56:in `call'
/home/hvo/.rvm/gems/ruby-1.9.3-p392/gems/railties-3.2.13/lib/rails/rack/logger.rb:32:in `call_app'
/home/hvo/.rvm/gems/ruby-1.9.3-p392/gems/railties-3.2.13/lib/rails/rack/logger.rb:16:in `block in call'
/home/hvo/.rvm/gems/ruby-1.9.3-p392/gems/activesupport-3.2.13/lib/active_support/tagged_logging.rb:22:in `tagged'
/home/hvo/.rvm/gems/ruby-1.9.3-p392/gems/railties-3.2.13/lib/rails/rack/logger.rb:16:in `call'
/home/hvo/.rvm/gems/ruby-1.9.3-p392/gems/actionpack-3.2.13/lib/action_dispatch/middleware/request_id.rb:22:in `call'
/home/hvo/.rvm/gems/ruby-1.9.3-p392/gems/rack-1.4.5/lib/rack/methodoverride.rb:21:in `call'
/home/hvo/.rvm/gems/ruby-1.9.3-p392/gems/rack-1.4.5/lib/rack/runtime.rb:17:in `call'
/home/hvo/.rvm/gems/ruby-1.9.3-p392/gems/activesupport-3.2.13/lib/active_support/cache/strategy/local_cache.rb:72:in `call'
/home/hvo/.rvm/gems/ruby-1.9.3-p392/gems/rack-1.4.5/lib/rack/lock.rb:15:in `call'
/home/hvo/.rvm/gems/ruby-1.9.3-p392/gems/actionpack-3.2.13/lib/action_dispatch/middleware/static.rb:63:in `call'
/home/hvo/.rvm/gems/ruby-1.9.3-p392/gems/railties-3.2.13/lib/rails/engine.rb:479:in `call'
/home/hvo/.rvm/gems/ruby-1.9.3-p392/gems/railties-3.2.13/lib/rails/application.rb:223:in `call'
/home/hvo/.rvm/gems/ruby-1.9.3-p392/gems/rack-1.4.5/lib/rack/content_length.rb:14:in `call'
/home/hvo/.rvm/gems/ruby-1.9.3-p392/gems/railties-3.2.13/lib/rails/rack/log_tailer.rb:17:in `call'
/home/hvo/.rvm/gems/ruby-1.9.3-p392/gems/rack-1.4.5/lib/rack/handler/webrick.rb:59:in `service'
/home/hvo/.rvm/rubies/ruby-1.9.3-p392/lib/ruby/1.9.1/webrick/httpserver.rb:138:in `service'
/home/hvo/.rvm/rubies/ruby-1.9.3-p392/lib/ruby/1.9.1/webrick/httpserver.rb:94:in `run'
/home/hvo/.rvm/rubies/ruby-1.9.3-p392/lib/ruby/1.9.1/webrick/server.rb:191:in `block in start_thread'
  Rendered products/_form.html.erb (1.5ms)
  Rendered products/new.html.erb within layouts/application (2.4ms)
Completed 500 Internal Server Error in 5ms

ActionView::Template::Error (/home/hvo/dev/RailsProject/work/depot/app/views/products/_form.html.erb:20: syntax error, unexpected tINTEGER, expecting keyword_do or '{' or '('
....text_area :description, rows 6 );@output_buffer.safe_concat...
...                               ^):
    17:   </div>
    18:   <div class="field">
    19:     <%= f.label :description %><br />
    20:     <%= f.text_area :description, rows 6 %>
    21:   </div>
    22:   <div class="field">
    23:     <%= f.label :image_url %><br />
  app/views/products/new.html.erb:3:in `_app_views_products_new_html_erb__3636294579774500294_70181746114680'
  app/controllers/products_controller.rb:29:in `new'


  Rendered /home/hvo/.rvm/gems/ruby-1.9.3-p392/gems/actionpack-3.2.13/lib/action_dispatch/middleware/templates/rescues/_trace.erb (3.7ms)
  Rendered /home/hvo/.rvm/gems/ruby-1.9.3-p392/gems/actionpack-3.2.13/lib/action_dispatch/middleware/templates/rescues/_request_and_response.erb (1.3ms)
  Rendered /home/hvo/.rvm/gems/ruby-1.9.3-p392/gems/actionpack-3.2.13/lib/action_dispatch/middleware/templates/rescues/template_error.erb within rescues/layout (11.2ms)


Started GET "/products/new" for 127.0.0.1 at 2013-12-07 20:27:02 -0800
Processing by ProductsController#new as HTML
  Rendered products/_form.html.erb (3.8ms)
  Rendered products/new.html.erb within layouts/application (5.3ms)
Completed 200 OK in 25ms (Views: 24.1ms | ActiveRecord: 0.0ms)


Started GET "/assets/application.css?body=1" for 127.0.0.1 at 2013-12-07 20:27:02 -0800
Served asset /application.css - 304 Not Modified (8ms)


Started GET "/assets/jquery_ujs.js?body=1" for 127.0.0.1 at 2013-12-07 20:27:02 -0800
Served asset /jquery_ujs.js - 304 Not Modified (0ms)


Started GET "/assets/products.css?body=1" for 127.0.0.1 at 2013-12-07 20:27:02 -0800
Served asset /products.css - 304 Not Modified (0ms)


Started GET "/assets/jquery.js?body=1" for 127.0.0.1 at 2013-12-07 20:27:02 -0800
Served asset /jquery.js - 304 Not Modified (1ms)


Started GET "/assets/products.js?body=1" for 127.0.0.1 at 2013-12-07 20:27:02 -0800
Served asset /products.js - 304 Not Modified (0ms)


Started GET "/assets/scaffolds.css?body=1" for 127.0.0.1 at 2013-12-07 20:27:02 -0800
Served asset /scaffolds.css - 304 Not Modified (0ms)


Started GET "/assets/application.js?body=1" for 127.0.0.1 at 2013-12-07 20:27:02 -0800
Served asset /application.js - 304 Not Modified (3ms)


Started POST "/products" for 127.0.0.1 at 2013-12-07 20:27:05 -0800
Processing by ProductsController#create as HTML
  Parameters: {"utf8"=>"✓", "authenticity_token"=>"eFQQ74qNvcIvqKBx6SUqzyui0pZvQDeRL9BfvEtG+Pc=", "product"=>{"title"=>"", "description"=>"", "image_url"=>"", "price"=>""}, "commit"=>"Create Product"}
  [1m[36m (0.1ms)[0m  [1mbegin transaction[0m
  [1m[35m (0.1ms)[0m  rollback transaction
  Rendered products/_form.html.erb (9.1ms)
  Rendered products/new.html.erb within layouts/application (10.2ms)
Completed 200 OK in 33ms (Views: 27.5ms | ActiveRecord: 0.2ms)


Started GET "/assets/application.css?body=1" for 127.0.0.1 at 2013-12-07 20:27:06 -0800
Served asset /application.css - 304 Not Modified (1ms)


Started GET "/assets/products.css?body=1" for 127.0.0.1 at 2013-12-07 20:27:06 -0800
Served asset /products.css - 304 Not Modified (0ms)


Started GET "/assets/jquery.js?body=1" for 127.0.0.1 at 2013-12-07 20:27:06 -0800
Served asset /jquery.js - 304 Not Modified (1ms)


Started GET "/assets/scaffolds.css?body=1" for 127.0.0.1 at 2013-12-07 20:27:06 -0800
Served asset /scaffolds.css - 304 Not Modified (0ms)


Started GET "/assets/jquery_ujs.js?body=1" for 127.0.0.1 at 2013-12-07 20:27:06 -0800
Served asset /jquery_ujs.js - 304 Not Modified (0ms)


Started GET "/assets/products.js?body=1" for 127.0.0.1 at 2013-12-07 20:27:06 -0800
Served asset /products.js - 304 Not Modified (0ms)


Started GET "/assets/application.js?body=1" for 127.0.0.1 at 2013-12-07 20:27:06 -0800
Served asset /application.js - 304 Not Modified (1ms)
